C51 COMPILER V9.01   DIGITAL_TUBE                                                          11/18/2017 20:30:53 PAGE 1   


C51 COMPILER V9.01, COMPILATION OF MODULE DIGITAL_TUBE
OBJECT MODULE PLACED IN ..\Output\digital_tube.obj
COMPILER INVOKED BY: D:\Keil_v4\C51\BIN\C51.EXE ..\Hardware\digital_tube\digital_tube.c BROWSE INCDIR(..\User;..\Lib;..\
                    -Hardware\digital_tube) DEBUG OBJECTEXTEND PRINT(..\Listing\digital_tube.lst) OBJECT(..\Output\digital_tube.obj)

line level    source

   1          /*
   2           *****************************************************************************************
   3           *      文 件 名 称:digital_tube.
   4           *  创 建 平 台：Keil uVision4
   5           *      创 建 作 者：miki
   6           *  文 件 功 能：数码管的初始化及其显示配置
   7           *  github 地 址：
   8           *      创 建 日 期：2017-11-18
   9           *****************************************************************************************
  10           */
  11          
  12          /************************************* 包含头文件 ***************************************/
  13          #include "digital_tube.h"
  14          #include "delay.h"
  15          
  16          /************************************* 全局变量定义 **************************************/
  17          u8 code GlobalDispalyTable[]={
  18                                                                    0x3f,0x06,0x5b,0x4f,
  19                                                                    0x66,0x6d,0x7d,0x07,
  20                                                                    0x7f,0x6f,0x77,0x7c,
  21                                                                    0x39,0x5e,0x79,0x71};
  22          
  23          /*
  24           *****************************************************************************************
  25           * 函数名称：digitalTubeDisplayTime
  26           * 函数功能：数码管显示时间信息
  27           * 输入参数：shi1,shi0,fen1,fen0,miao1,miao0
  28           * 输出参数：无
  29           * 其他说明：无
  30           ******************************************************************************************
  31           */
  32          void digitalTubeDisplayTime(u8 shi1,shi0,fen1,fen0,miao1,miao0)
  33          {
  34   1              DULA_IO=1;
  35   1                      P0=GlobalDispalyTable[shi1];
  36   1                      DULA_IO=0;
  37   1      
  38   1                      P0=0xff;
  39   1                      WELA_IO=1;
  40   1      
  41   1                      P0=0xfe;
  42   1                      WELA_IO=0;
  43   1                      delay1Ms(1);
  44   1      
  45   1                      DULA_IO=1;
  46   1                      P0=GlobalDispalyTable[shi0];
  47   1                      DULA_IO=0;
  48   1      
  49   1                      P0=0xff;
  50   1                      
  51   1                      WELA_IO=1;
  52   1                      P0=0xfd;
  53   1                      WELA_IO=0;
  54   1                      delay1Ms(1);
C51 COMPILER V9.01   DIGITAL_TUBE                                                          11/18/2017 20:30:53 PAGE 2   

  55   1      
  56   1                      DULA_IO=1;
  57   1                      P0=0x40;//"-"
  58   1                      DULA_IO=0;
  59   1      
  60   1                      P0=0xff;
  61   1                      
  62   1                      WELA_IO=1;
  63   1                      P0=0xfb;
  64   1                      WELA_IO=0;
  65   1                      delay1Ms(1);
  66   1                      
  67   1                      DULA_IO=1;
  68   1                      P0=GlobalDispalyTable[fen1];
  69   1                      DULA_IO=0;
  70   1      
  71   1                      P0=0xff;
  72   1      
  73   1                      WELA_IO=1;
  74   1                      P0=0xf7;
  75   1                      WELA_IO=0;
  76   1                      delay1Ms(1);
  77   1      
  78   1                      
  79   1                      DULA_IO=1;
  80   1                      P0=GlobalDispalyTable[fen0];
  81   1                      DULA_IO=0;
  82   1                      P0=0xff;
  83   1                      WELA_IO=1;
  84   1                      P0=0xef;
  85   1                      WELA_IO=0;
  86   1                      delay1Ms(1);
  87   1      
  88   1                      DULA_IO=1;
  89   1                      P0=0x40;//"-"
  90   1                      DULA_IO=0;
  91   1      
  92   1                      P0=0xff;
  93   1                      
  94   1                      WELA_IO=1;
  95   1                      P0=0xdf;
  96   1                      WELA_IO=0;
  97   1                      delay1Ms(1);
  98   1                                      
  99   1                      DULA_IO=1;
 100   1                      P0=GlobalDispalyTable[miao1];
 101   1                      DULA_IO=0;
 102   1      
 103   1                      P0=0xff;
 104   1      
 105   1                      WELA_IO=1;
 106   1                      P0=0xbf;
 107   1                      WELA_IO=0;
 108   1                      delay1Ms(1);
 109   1      
 110   1                      
 111   1                      DULA_IO=1;
 112   1                      P0=GlobalDispalyTable[miao0];
 113   1                      DULA_IO=0;
 114   1      
 115   1                      P0=0xff;
 116   1      
C51 COMPILER V9.01   DIGITAL_TUBE                                                          11/18/2017 20:30:53 PAGE 3   

 117   1                      WELA_IO=1;
 118   1                      P0=0x7f;
 119   1                      WELA_IO=0;
 120   1                      delay1Ms(1);
 121   1      }
 122          
 123          


MODULE INFORMATION:   STATIC OVERLAYABLE
   CODE SIZE        =    269    ----
   CONSTANT SIZE    =     16    ----
   XDATA SIZE       =   ----    ----
   PDATA SIZE       =   ----    ----
   DATA SIZE        =   ----      11
   IDATA SIZE       =   ----    ----
   BIT SIZE         =   ----    ----
END OF MODULE INFORMATION.


C51 COMPILATION COMPLETE.  0 WARNING(S),  0 ERROR(S)
