C51 COMPILER V9.01   LED                                                                   11/27/2017 15:21:21 PAGE 1   


C51 COMPILER V9.01, COMPILATION OF MODULE LED
OBJECT MODULE PLACED IN ..\Output\led.obj
COMPILER INVOKED BY: D:\Keil_v4\C51\BIN\C51.EXE ..\Hardware\led\led.c BROWSE INCDIR(..\Hardware\digital_tube;..\User\tim
                    -er;..\User\uart;..\Hardware\beep;..\Hardware\dht11;..\Hardware\digital_tube;..\Hardware\ds1302;..\Hardware\keyboard;..\H
                    -ardware\lcd12864;..\Hardware\lcd1602;..\Hardware\led;..\Hardware\pm2_5;..\Hardware\uart_tft;..\Lib\delay;..\User) DEBUG 
                    -OBJECTEXTEND PRINT(..\Listing\led.lst) OBJECT(..\Output\led.obj)

line level    source

   1          /*
   2           *****************************************************************************************
   3           *      文 件 名 称:led.c
   4           *  创 建 平 台：Keil uVision4
   5           *      创 建 作 者：miki               
   6           *  文 件 功 能：led灯置
   7           *  github 地 址：
   8           *      创 建 日 期：2017-11-27
   9           *****************************************************************************************
  10           */
  11          
  12          /************************************* 包含头文件 ***************************************/
  13          #include "led.h"
  14          
  15          /************************************* 全局变量定义 **************************************/
  16          
  17          
  18          /********************************** 扩展全局变量定义 ************************************/
  19          
  20          
  21          /************************************ 局部函数定义 **************************************/


MODULE INFORMATION:   STATIC OVERLAYABLE
   CODE SIZE        =   ----    ----
   CONSTANT SIZE    =   ----    ----
   XDATA SIZE       =   ----    ----
   PDATA SIZE       =   ----    ----
   DATA SIZE        =   ----    ----
   IDATA SIZE       =   ----    ----
   BIT SIZE         =   ----    ----
END OF MODULE INFORMATION.


C51 COMPILATION COMPLETE.  0 WARNING(S),  0 ERROR(S)
