C51 COMPILER V9.01   MAIN                                                                  11/27/2017 15:21:57 PAGE 1   


C51 COMPILER V9.01, COMPILATION OF MODULE MAIN
OBJECT MODULE PLACED IN ..\Output\main.obj
COMPILER INVOKED BY: D:\Keil_v4\C51\BIN\C51.EXE ..\User\main.c BROWSE INCDIR(..\Hardware\digital_tube;..\User\timer;..\U
                    -ser\uart;..\Hardware\beep;..\Hardware\dht11;..\Hardware\digital_tube;..\Hardware\ds1302;..\Hardware\keyboard;..\Hardware
                    -\lcd12864;..\Hardware\lcd1602;..\Hardware\led;..\Hardware\pm2_5;..\Hardware\uart_tft;..\Lib\delay;..\User) DEBUG OBJECTE
                    -XTEND PRINT(..\Listing\main.lst) OBJECT(..\Output\main.obj)

line level    source

   1          /*
   2           *****************************************************************************************
   3           *      项 目 名 称:多功能电子时钟
   4           *  实 验 平 台：清翔电子 QX-MCS51开发板
   5           *      创 建 作 者：miki
   6           *  项 目 说 明：使用DS1302时钟芯片进行计时，用LCD1602显示时间信息，DHT11测试室内温度等
   7           *  github 地 址：
   8           *      创 建 日 期：2017-11-18
   9           *****************************************************************************************
  10           */
  11          
  12          /************************************* 包含头文件 ***************************************/
  13          #include "config.h"
  14          #include "digital_tube.h"
  15          #include "delay.h"
  16          #include "timer.h"
  17          #include "lcd1602.h"
  18          #include "ds1302.h"
  19          #include "keyboard.h"
  20          
  21          /************************************* 全局变量定义 **************************************/
  22          
  23          /********************************** 扩展全局变量定义 ************************************/
  24          extern u8 GlobalInterruptAdd;
  25          
  26          /************************************ 局部函数声明 **************************************/
  27          static void displayTime(void);
  28          
  29          
  30          /*
  31           *****************************************************************************************
  32           * 函数名称：main
  33           * 函数功能：主函数，整个程序入口
  34           * 输入参数：无
  35           * 输出参数：无
  36           * 其他说明：无
  37           ******************************************************************************************
  38           */
  39          void main()
  40          {
  41   1              lcd1602_init();
  42   1              ds1302_init();  
  43   1              /* 定时器0初始化子程序 */
  44   1              timer0InterruptInit(); 
  45   1              while(1)
  46   1              {
  47   2                      keyscan();
  48   2              }
  49   1      }
  50          
  51          
  52          
C51 COMPILER V9.01   MAIN                                                                  11/27/2017 15:21:57 PAGE 2   

  53          static void displayTime(void)
  54          {
  55   1              u8 GlobalShi1,GlobalShi0;
  56   1              u8 GlobalFen1,GlobalFen0;
  57   1              u8 GlobalMiao1,GlobalMiao0;
  58   1              u16 GlobalTemp;
  59   1      
  60   1              if(GlobalInterruptAdd == 20)
  61   1                {
  62   2                      GlobalInterruptAdd = 0;
  63   2                      GlobalTemp ++;
  64   2                      if(GlobalTemp == 86400)
  65   2                 {
  66   3                              GlobalTemp=0;
  67   3                 }
  68   2                      GlobalShi1=GlobalTemp/3600/10;
  69   2                      GlobalShi0=GlobalTemp/3600-(GlobalShi1*10);
  70   2                      GlobalFen1=GlobalTemp%3600/60/10;
  71   2                      GlobalFen0=GlobalTemp%3600/60-(GlobalFen1*10);
  72   2                      GlobalMiao1=GlobalTemp%3600%60/10;
  73   2                      GlobalMiao0=GlobalTemp%3600%60-(GlobalMiao1*10);
  74   2                }
  75   1              digitalTubeDisplayTime(GlobalShi1,GlobalShi0,GlobalFen1,
  76   1                                                              GlobalMiao1,GlobalMiao1,GlobalMiao0);
  77   1      }
  78          
  79          
  80          
  81          
  82          


MODULE INFORMATION:   STATIC OVERLAYABLE
   CODE SIZE        =    228    ----
   CONSTANT SIZE    =   ----    ----
   XDATA SIZE       =   ----    ----
   PDATA SIZE       =   ----    ----
   DATA SIZE        =   ----       8
   IDATA SIZE       =   ----    ----
   BIT SIZE         =   ----    ----
END OF MODULE INFORMATION.


C51 COMPILATION COMPLETE.  0 WARNING(S),  0 ERROR(S)
