C51 COMPILER V9.01   TIMER                                                                 11/18/2017 20:30:52 PAGE 1   


C51 COMPILER V9.01, COMPILATION OF MODULE TIMER
OBJECT MODULE PLACED IN ..\Output\timer.obj
COMPILER INVOKED BY: D:\Keil_v4\C51\BIN\C51.EXE ..\User\timer.c BROWSE INCDIR(..\User;..\Lib;..\Hardware\digital_tube) D
                    -EBUG OBJECTEXTEND PRINT(..\Listing\timer.lst) OBJECT(..\Output\timer.obj)

line level    source

   1          /*
   2           *****************************************************************************************
   3           *      文 件 名 称:timer.c
   4           *  创 建 平 台：Keil uVision4
   5           *      创 建 作 者：miki
   6           *  文 件 功 能：定时器初始化及其配置
   7           *  github 地 址：
   8           *      创 建 日 期：2017-11-18
   9           *****************************************************************************************
  10           */
  11          
  12          /************************************* 包含头文件 ***************************************/
  13          #include "timer.h"
  14          
  15          /************************************* 全局变量定义 **************************************/
  16          u8 GlobalInterruptAdd;
  17          
  18          /*
  19           *****************************************************************************************
  20           * 函数名称：timer0InterruptInit
  21           * 函数功能：定时器0及其中断初始化
  22           * 输入参数：无
  23           * 输出参数：无
  24           * 其他说明：无
  25           ******************************************************************************************
  26           */
  27          void timer0InterruptInit(void)
  28          {       
  29   1              TMOD = 0x01;
  30   1              TH0 = (65536-46080)/256;
  31   1              TL0 = (65536-46080)%256;
  32   1              EA = 1;
  33   1              ET0 = 1;
  34   1              TCON = 0x10;
  35   1               //TR0=1;
  36   1      }
  37          
  38          /*
  39           *****************************************************************************************
  40           * 函数名称：timer0InterruptHandler
  41           * 函数功能：定时器0中断服务函数
  42           * 输入参数：无
  43           * 输出参数：无
  44           * 其他说明：无
  45           ******************************************************************************************
  46           */
  47          void timer0InterruptHandler() interrupt 1
  48          {
  49   1              TH0=(65536-46080)/256;
  50   1              TL0=(65536-46080)%256;
  51   1              GlobalInterruptAdd ++;  
  52   1      }
  53          

C51 COMPILER V9.01   TIMER                                                                 11/18/2017 20:30:52 PAGE 2   


MODULE INFORMATION:   STATIC OVERLAYABLE
   CODE SIZE        =     26    ----
   CONSTANT SIZE    =   ----    ----
   XDATA SIZE       =   ----    ----
   PDATA SIZE       =   ----    ----
   DATA SIZE        =      1    ----
   IDATA SIZE       =   ----    ----
   BIT SIZE         =   ----    ----
END OF MODULE INFORMATION.


C51 COMPILATION COMPLETE.  0 WARNING(S),  0 ERROR(S)
