C51 COMPILER V9.01   UART                                                                  11/18/2017 20:30:52 PAGE 1   


C51 COMPILER V9.01, COMPILATION OF MODULE UART
OBJECT MODULE PLACED IN ..\Output\uart.obj
COMPILER INVOKED BY: D:\Keil_v4\C51\BIN\C51.EXE ..\User\uart.c BROWSE INCDIR(..\User;..\Lib;..\Hardware\digital_tube) DE
                    -BUG OBJECTEXTEND PRINT(..\Listing\uart.lst) OBJECT(..\Output\uart.obj)

line level    source

   1          /*
   2           *****************************************************************************************
   3           *      文 件 名 称:uart.c
   4           *  创 建 平 台：Keil uVision4
   5           *      创 建 作 者：miki
   6           *  文 件 功 能：串口实现打印等功能
   7           *  github 地 址：
   8           *      创 建 日 期：2017-11-18
   9           *****************************************************************************************
  10           */
  11          
  12          /************************************* 包含头文件 ***************************************/
  13          #include "uart.h"
  14          
  15          /************************************* 全局变量定义 **************************************/
  16          
  17          


MODULE INFORMATION:   STATIC OVERLAYABLE
   CODE SIZE        =   ----    ----
   CONSTANT SIZE    =   ----    ----
   XDATA SIZE       =   ----    ----
   PDATA SIZE       =   ----    ----
   DATA SIZE        =   ----    ----
   IDATA SIZE       =   ----    ----
   BIT SIZE         =   ----    ----
END OF MODULE INFORMATION.


C51 COMPILATION COMPLETE.  0 WARNING(S),  0 ERROR(S)
